<?xml version="1.0" encoding="UTF-8"?>
<!-- Generated by org.testng.reporters.JUnitXMLReporter -->
<testsuite hostname="DESKTOP-JAHKTIJ" ignored="2" name="Default test" tests="1" failures="0" timestamp="2021-05-21T17:22:19 IST" time="13.278" errors="0">
  <testcase name="test2" time="13.134" classname="TestNG.TestNGParallelDemo"/>
  <testcase name="test3" time="0.0" classname="TestNG.TestNGParallelDemo">
    <ignored/>
  </testcase> <!-- test3 -->
  <testcase name="test1" time="0.0" classname="TestNG.TestNGParallelDemo">
    <ignored/>
  </testcase> <!-- test1 -->
</testsuite> <!-- Default test -->
